<?xml version="1.0" encoding="UTF-8"?>
<coverage generated="1694078084626" clover="3.2.0">
  <project timestamp="1694078084627" name="All files">
    <metrics statements="52" coveredstatements="48" conditionals="24" coveredconditionals="23" methods="9" coveredmethods="8" elements="85" coveredelements="79" complexity="0" loc="52" ncloc="52" packages="1" files="1" classes="1"/>
    <file name="blazor-fusionCharts.js" path="C:\FusionCharts\blazor-fusioncharts\BlazorApp1\wwwroot\blazor-fusionCharts.js">
      <metrics statements="52" coveredstatements="48" conditionals="24" coveredconditionals="23" methods="9" coveredmethods="8"/>
      <line num="2" count="2" type="stmt"/>
      <line num="6" count="5" type="stmt"/>
      <line num="7" count="5" type="stmt"/>
      <line num="9" count="5" type="cond" truecount="3" falsecount="1"/>
      <line num="10" count="5" type="stmt"/>
      <line num="11" count="8" type="stmt"/>
      <line num="13" count="5" type="cond" truecount="4" falsecount="0"/>
      <line num="15" count="2" type="stmt"/>
      <line num="18" count="3" type="stmt"/>
      <line num="22" count="0" type="stmt"/>
      <line num="28" count="5" type="stmt"/>
      <line num="29" count="5" type="stmt"/>
      <line num="31" count="5" type="cond" truecount="4" falsecount="0"/>
      <line num="32" count="4" type="stmt"/>
      <line num="33" count="4" type="stmt"/>
      <line num="35" count="1" type="stmt"/>
      <line num="41" count="38" type="cond" truecount="4" falsecount="0"/>
      <line num="42" count="5" type="stmt"/>
      <line num="43" count="5" type="stmt"/>
      <line num="45" count="5" type="cond" truecount="2" falsecount="0"/>
      <line num="48" count="5" type="stmt"/>
      <line num="50" count="33" type="stmt"/>
      <line num="54" count="2" type="stmt"/>
      <line num="55" count="4" type="stmt"/>
      <line num="56" count="2" type="stmt"/>
      <line num="57" count="2" type="stmt"/>
      <line num="61" count="2" type="stmt"/>
      <line num="62" count="2" type="stmt"/>
      <line num="63" count="2" type="stmt"/>
      <line num="65" count="2" type="stmt"/>
      <line num="66" count="2" type="stmt"/>
      <line num="68" count="2" type="stmt"/>
      <line num="70" count="2" type="stmt"/>
      <line num="75" count="2" type="stmt"/>
      <line num="76" count="1" type="stmt"/>
      <line num="77" count="1" type="stmt"/>
      <line num="81" count="2" type="stmt"/>
      <line num="82" count="0" type="stmt"/>
      <line num="83" count="0" type="stmt"/>
      <line num="87" count="2" type="stmt"/>
      <line num="89" count="28" type="stmt"/>
      <line num="92" count="28" type="cond" truecount="4" falsecount="0"/>
      <line num="93" count="4" type="stmt"/>
      <line num="94" count="4" type="stmt"/>
      <line num="95" count="4" type="stmt"/>
      <line num="97" count="3" type="stmt"/>
      <line num="99" count="24" type="stmt"/>
      <line num="101" count="12" type="cond" truecount="2" falsecount="0"/>
      <line num="105" count="2" type="stmt"/>
      <line num="106" count="2" type="stmt"/>
      <line num="108" count="0" type="stmt"/>
      <line num="112" count="12" type="stmt"/>
    </file>
  </project>
</coverage>
