{"C:\\FusionCharts\\blazor-fusioncharts\\BlazorApp1\\wwwroot\\blazor-fusionCharts.js": {"path":"C:\\FusionCharts\\blazor-fusioncharts\\BlazorApp1\\wwwroot\\blazor-fusionCharts.js","statementMap":{"0":{"start":{"line":2,"column":17},"end":{"line":2,"column":27}},"1":{"start":{"line":6,"column":16},"end":{"line":6,"column":45}},"2":{"start":{"line":7,"column":18},"end":{"line":7,"column":44}},"3":{"start":{"line":9,"column":2},"end":{"line":23,"column":3}},"4":{"start":{"line":10,"column":23},"end":{"line":10,"column":33}},"5":{"start":{"line":11,"column":17},"end":{"line":11,"column":63}},"6":{"start":{"line":11,"column":52},"end":{"line":11,"column":62}},"7":{"start":{"line":13,"column":4},"end":{"line":19,"column":5}},"8":{"start":{"line":15,"column":6},"end":{"line":15,"column":16}},"9":{"start":{"line":18,"column":6},"end":{"line":18,"column":18}},"10":{"start":{"line":22,"column":4},"end":{"line":22,"column":14}},"11":{"start":{"line":28,"column":16},"end":{"line":28,"column":43}},"12":{"start":{"line":29,"column":16},"end":{"line":29,"column":42}},"13":{"start":{"line":31,"column":2},"end":{"line":36,"column":3}},"14":{"start":{"line":32,"column":25},"end":{"line":32,"column":40}},"15":{"start":{"line":33,"column":4},"end":{"line":33,"column":24}},"16":{"start":{"line":35,"column":4},"end":{"line":35,"column":16}},"17":{"start":{"line":41,"column":2},"end":{"line":49,"column":3}},"18":{"start":{"line":42,"column":22},"end":{"line":42,"column":45}},"19":{"start":{"line":43,"column":17},"end":{"line":43,"column":43}},"20":{"start":{"line":45,"column":6},"end":{"line":47,"column":30}},"21":{"start":{"line":48,"column":4},"end":{"line":48,"column":20}},"22":{"start":{"line":50,"column":2},"end":{"line":50,"column":15}},"23":{"start":{"line":54,"column":0},"end":{"line":58,"column":2}},"24":{"start":{"line":55,"column":27},"end":{"line":55,"column":72}},"25":{"start":{"line":56,"column":16},"end":{"line":56,"column":50}},"26":{"start":{"line":57,"column":2},"end":{"line":57,"column":17}},"27":{"start":{"line":61,"column":0},"end":{"line":71,"column":2}},"28":{"start":{"line":62,"column":21},"end":{"line":62,"column":37}},"29":{"start":{"line":63,"column":24},"end":{"line":63,"column":52}},"30":{"start":{"line":65,"column":13},"end":{"line":65,"column":32}},"31":{"start":{"line":66,"column":15},"end":{"line":66,"column":34}},"32":{"start":{"line":68,"column":20},"end":{"line":68,"column":65}},"33":{"start":{"line":70,"column":2},"end":{"line":70,"column":51}},"34":{"start":{"line":75,"column":0},"end":{"line":78,"column":2}},"35":{"start":{"line":76,"column":21},"end":{"line":76,"column":37}},"36":{"start":{"line":77,"column":2},"end":{"line":77,"column":42}},"37":{"start":{"line":81,"column":0},"end":{"line":84,"column":2}},"38":{"start":{"line":82,"column":20},"end":{"line":82,"column":48}},"39":{"start":{"line":83,"column":2},"end":{"line":83,"column":53}},"40":{"start":{"line":87,"column":0},"end":{"line":114,"column":2}},"41":{"start":{"line":89,"column":21},"end":{"line":89,"column":42}},"42":{"start":{"line":92,"column":2},"end":{"line":113,"column":3}},"43":{"start":{"line":93,"column":24},"end":{"line":93,"column":31}},"44":{"start":{"line":94,"column":21},"end":{"line":94,"column":44}},"45":{"start":{"line":95,"column":4},"end":{"line":95,"column":78}},"46":{"start":{"line":97,"column":4},"end":{"line":97,"column":26}},"47":{"start":{"line":99,"column":4},"end":{"line":99,"column":69}},"48":{"start":{"line":101,"column":4},"end":{"line":110,"column":5}},"49":{"start":{"line":105,"column":6},"end":{"line":109,"column":7}},"50":{"start":{"line":106,"column":8},"end":{"line":106,"column":40}},"51":{"start":{"line":108,"column":8},"end":{"line":108,"column":27}},"52":{"start":{"line":112,"column":4},"end":{"line":112,"column":26}}},"fnMap":{"0":{"name":"extractArguments","decl":{"start":{"line":4,"column":9},"end":{"line":4,"column":25}},"loc":{"start":{"line":4,"column":42},"end":{"line":24,"column":1}},"line":4},"1":{"name":"(anonymous_1)","decl":{"start":{"line":11,"column":43},"end":{"line":11,"column":44}},"loc":{"start":{"line":11,"column":52},"end":{"line":11,"column":62}},"line":11},"2":{"name":"extractFunctionBody","decl":{"start":{"line":26,"column":9},"end":{"line":26,"column":28}},"loc":{"start":{"line":26,"column":45},"end":{"line":37,"column":1}},"line":26},"3":{"name":"parseFunction","decl":{"start":{"line":40,"column":9},"end":{"line":40,"column":22}},"loc":{"start":{"line":40,"column":35},"end":{"line":51,"column":1}},"line":40},"4":{"name":"(anonymous_4)","decl":{"start":{"line":54,"column":34},"end":{"line":54,"column":35}},"loc":{"start":{"line":54,"column":58},"end":{"line":58,"column":1}},"line":54},"5":{"name":"(anonymous_5)","decl":{"start":{"line":61,"column":35},"end":{"line":61,"column":36}},"loc":{"start":{"line":61,"column":49},"end":{"line":71,"column":1}},"line":61},"6":{"name":"(anonymous_6)","decl":{"start":{"line":75,"column":31},"end":{"line":75,"column":32}},"loc":{"start":{"line":75,"column":45},"end":{"line":78,"column":1}},"line":75},"7":{"name":"(anonymous_7)","decl":{"start":{"line":81,"column":37},"end":{"line":81,"column":38}},"loc":{"start":{"line":81,"column":65},"end":{"line":84,"column":1}},"line":81},"8":{"name":"(anonymous_8)","decl":{"start":{"line":87,"column":42},"end":{"line":87,"column":43}},"loc":{"start":{"line":87,"column":78},"end":{"line":114,"column":1}},"line":87}},"branchMap":{"0":{"loc":{"start":{"line":9,"column":2},"end":{"line":23,"column":3}},"type":"if","locations":[{"start":{"line":9,"column":2},"end":{"line":23,"column":3}},{"start":{"line":20,"column":9},"end":{"line":23,"column":3}}],"line":9},"1":{"loc":{"start":{"line":9,"column":6},"end":{"line":9,"column":35}},"type":"binary-expr","locations":[{"start":{"line":9,"column":6},"end":{"line":9,"column":13}},{"start":{"line":9,"column":17},"end":{"line":9,"column":35}}],"line":9},"2":{"loc":{"start":{"line":13,"column":4},"end":{"line":19,"column":5}},"type":"if","locations":[{"start":{"line":13,"column":4},"end":{"line":19,"column":5}},{"start":{"line":16,"column":11},"end":{"line":19,"column":5}}],"line":13},"3":{"loc":{"start":{"line":13,"column":8},"end":{"line":13,"column":43}},"type":"binary-expr","locations":[{"start":{"line":13,"column":8},"end":{"line":13,"column":25}},{"start":{"line":13,"column":29},"end":{"line":13,"column":43}}],"line":13},"4":{"loc":{"start":{"line":31,"column":2},"end":{"line":36,"column":3}},"type":"if","locations":[{"start":{"line":31,"column":2},"end":{"line":36,"column":3}},{"start":{"line":34,"column":9},"end":{"line":36,"column":3}}],"line":31},"5":{"loc":{"start":{"line":31,"column":6},"end":{"line":31,"column":32}},"type":"binary-expr","locations":[{"start":{"line":31,"column":6},"end":{"line":31,"column":11}},{"start":{"line":31,"column":15},"end":{"line":31,"column":32}}],"line":31},"6":{"loc":{"start":{"line":41,"column":2},"end":{"line":49,"column":3}},"type":"if","locations":[{"start":{"line":41,"column":2},"end":{"line":49,"column":3}},{"start":{},"end":{}}],"line":41},"7":{"loc":{"start":{"line":41,"column":6},"end":{"line":41,"column":77}},"type":"binary-expr","locations":[{"start":{"line":41,"column":6},"end":{"line":41,"column":31}},{"start":{"line":41,"column":35},"end":{"line":41,"column":77}}],"line":41},"8":{"loc":{"start":{"line":45,"column":6},"end":{"line":47,"column":30}},"type":"cond-expr","locations":[{"start":{"line":46,"column":10},"end":{"line":46,"column":43}},{"start":{"line":47,"column":10},"end":{"line":47,"column":30}}],"line":45},"9":{"loc":{"start":{"line":92,"column":2},"end":{"line":113,"column":3}},"type":"if","locations":[{"start":{"line":92,"column":2},"end":{"line":113,"column":3}},{"start":{"line":98,"column":9},"end":{"line":113,"column":3}}],"line":92},"10":{"loc":{"start":{"line":92,"column":6},"end":{"line":92,"column":50}},"type":"binary-expr","locations":[{"start":{"line":92,"column":6},"end":{"line":92,"column":21}},{"start":{"line":92,"column":25},"end":{"line":92,"column":50}}],"line":92},"11":{"loc":{"start":{"line":101,"column":4},"end":{"line":110,"column":5}},"type":"if","locations":[{"start":{"line":101,"column":4},"end":{"line":110,"column":5}},{"start":{},"end":{}}],"line":101}},"s":{"0":2,"1":5,"2":5,"3":5,"4":5,"5":5,"6":8,"7":5,"8":2,"9":3,"10":0,"11":5,"12":5,"13":5,"14":4,"15":4,"16":1,"17":38,"18":5,"19":5,"20":5,"21":5,"22":33,"23":2,"24":4,"25":2,"26":2,"27":2,"28":2,"29":2,"30":2,"31":2,"32":2,"33":2,"34":2,"35":1,"36":1,"37":2,"38":0,"39":0,"40":2,"41":28,"42":28,"43":4,"44":4,"45":4,"46":3,"47":24,"48":12,"49":2,"50":2,"51":0,"52":12},"f":{"0":5,"1":8,"2":5,"3":38,"4":4,"5":2,"6":1,"7":0,"8":28},"b":{"0":[5,0],"1":[5,5],"2":[2,3],"3":[5,2],"4":[4,1],"5":[5,4],"6":[5,33],"7":[38,28],"8":[3,2],"9":[4,24],"10":[28,19],"11":[2,10]},"_coverageSchema":"1a1c01bbd47fc00a2c39e90264f33305004495a9","hash":"2095f480fc5bb85ed1b250f7e3de9152fa609cbe"}
}
