{"C:\\FusionCharts\\blazor-fusioncharts\\BlazorApp1\\wwwroot\\blazor-fusionCharts.js": {"path":"C:\\FusionCharts\\blazor-fusioncharts\\BlazorApp1\\wwwroot\\blazor-fusionCharts.js","statementMap":{"0":{"start":{"line":2,"column":17},"end":{"line":2,"column":27}},"1":{"start":{"line":6,"column":16},"end":{"line":6,"column":45}},"2":{"start":{"line":7,"column":18},"end":{"line":7,"column":44}},"3":{"start":{"line":9,"column":2},"end":{"line":23,"column":3}},"4":{"start":{"line":10,"column":23},"end":{"line":10,"column":33}},"5":{"start":{"line":11,"column":17},"end":{"line":11,"column":63}},"6":{"start":{"line":11,"column":52},"end":{"line":11,"column":62}},"7":{"start":{"line":13,"column":4},"end":{"line":19,"column":5}},"8":{"start":{"line":15,"column":6},"end":{"line":15,"column":16}},"9":{"start":{"line":18,"column":6},"end":{"line":18,"column":18}},"10":{"start":{"line":22,"column":4},"end":{"line":22,"column":14}},"11":{"start":{"line":28,"column":16},"end":{"line":28,"column":43}},"12":{"start":{"line":29,"column":16},"end":{"line":29,"column":42}},"13":{"start":{"line":31,"column":2},"end":{"line":36,"column":3}},"14":{"start":{"line":32,"column":25},"end":{"line":32,"column":40}},"15":{"start":{"line":33,"column":4},"end":{"line":33,"column":24}},"16":{"start":{"line":35,"column":4},"end":{"line":35,"column":16}},"17":{"start":{"line":41,"column":2},"end":{"line":49,"column":3}},"18":{"start":{"line":42,"column":22},"end":{"line":42,"column":45}},"19":{"start":{"line":43,"column":17},"end":{"line":43,"column":43}},"20":{"start":{"line":45,"column":6},"end":{"line":47,"column":30}},"21":{"start":{"line":48,"column":4},"end":{"line":48,"column":20}},"22":{"start":{"line":50,"column":2},"end":{"line":50,"column":15}},"23":{"start":{"line":54,"column":0},"end":{"line":70,"column":2}},"24":{"start":{"line":55,"column":27},"end":{"line":55,"column":72}},"25":{"start":{"line":58,"column":2},"end":{"line":66,"column":3}},"26":{"start":{"line":59,"column":4},"end":{"line":59,"column":36}},"27":{"start":{"line":60,"column":29},"end":{"line":60,"column":62}},"28":{"start":{"line":62,"column":4},"end":{"line":65,"column":5}},"29":{"start":{"line":63,"column":6},"end":{"line":63,"column":35}},"30":{"start":{"line":64,"column":6},"end":{"line":64,"column":29}},"31":{"start":{"line":68,"column":16},"end":{"line":68,"column":50}},"32":{"start":{"line":69,"column":2},"end":{"line":69,"column":17}},"33":{"start":{"line":73,"column":0},"end":{"line":83,"column":2}},"34":{"start":{"line":74,"column":21},"end":{"line":74,"column":37}},"35":{"start":{"line":75,"column":24},"end":{"line":75,"column":52}},"36":{"start":{"line":77,"column":13},"end":{"line":77,"column":32}},"37":{"start":{"line":78,"column":15},"end":{"line":78,"column":34}},"38":{"start":{"line":80,"column":20},"end":{"line":80,"column":65}},"39":{"start":{"line":82,"column":2},"end":{"line":82,"column":51}},"40":{"start":{"line":87,"column":0},"end":{"line":90,"column":2}},"41":{"start":{"line":88,"column":21},"end":{"line":88,"column":37}},"42":{"start":{"line":89,"column":2},"end":{"line":89,"column":42}},"43":{"start":{"line":93,"column":0},"end":{"line":96,"column":2}},"44":{"start":{"line":94,"column":20},"end":{"line":94,"column":48}},"45":{"start":{"line":95,"column":2},"end":{"line":95,"column":53}},"46":{"start":{"line":99,"column":0},"end":{"line":126,"column":2}},"47":{"start":{"line":101,"column":21},"end":{"line":101,"column":42}},"48":{"start":{"line":104,"column":2},"end":{"line":125,"column":3}},"49":{"start":{"line":105,"column":24},"end":{"line":105,"column":31}},"50":{"start":{"line":106,"column":21},"end":{"line":106,"column":44}},"51":{"start":{"line":107,"column":4},"end":{"line":107,"column":78}},"52":{"start":{"line":109,"column":4},"end":{"line":109,"column":26}},"53":{"start":{"line":111,"column":4},"end":{"line":111,"column":69}},"54":{"start":{"line":113,"column":4},"end":{"line":122,"column":5}},"55":{"start":{"line":117,"column":6},"end":{"line":121,"column":7}},"56":{"start":{"line":118,"column":8},"end":{"line":118,"column":40}},"57":{"start":{"line":120,"column":8},"end":{"line":120,"column":27}},"58":{"start":{"line":124,"column":4},"end":{"line":124,"column":26}}},"fnMap":{"0":{"name":"extractArguments","decl":{"start":{"line":4,"column":9},"end":{"line":4,"column":25}},"loc":{"start":{"line":4,"column":42},"end":{"line":24,"column":1}},"line":4},"1":{"name":"(anonymous_1)","decl":{"start":{"line":11,"column":43},"end":{"line":11,"column":44}},"loc":{"start":{"line":11,"column":52},"end":{"line":11,"column":62}},"line":11},"2":{"name":"extractFunctionBody","decl":{"start":{"line":26,"column":9},"end":{"line":26,"column":28}},"loc":{"start":{"line":26,"column":45},"end":{"line":37,"column":1}},"line":26},"3":{"name":"parseFunction","decl":{"start":{"line":40,"column":9},"end":{"line":40,"column":22}},"loc":{"start":{"line":40,"column":35},"end":{"line":51,"column":1}},"line":40},"4":{"name":"(anonymous_4)","decl":{"start":{"line":54,"column":34},"end":{"line":54,"column":35}},"loc":{"start":{"line":54,"column":58},"end":{"line":70,"column":1}},"line":54},"5":{"name":"(anonymous_5)","decl":{"start":{"line":73,"column":35},"end":{"line":73,"column":36}},"loc":{"start":{"line":73,"column":49},"end":{"line":83,"column":1}},"line":73},"6":{"name":"(anonymous_6)","decl":{"start":{"line":87,"column":31},"end":{"line":87,"column":32}},"loc":{"start":{"line":87,"column":45},"end":{"line":90,"column":1}},"line":87},"7":{"name":"(anonymous_7)","decl":{"start":{"line":93,"column":37},"end":{"line":93,"column":38}},"loc":{"start":{"line":93,"column":65},"end":{"line":96,"column":1}},"line":93},"8":{"name":"(anonymous_8)","decl":{"start":{"line":99,"column":42},"end":{"line":99,"column":43}},"loc":{"start":{"line":99,"column":78},"end":{"line":126,"column":1}},"line":99}},"branchMap":{"0":{"loc":{"start":{"line":9,"column":2},"end":{"line":23,"column":3}},"type":"if","locations":[{"start":{"line":9,"column":2},"end":{"line":23,"column":3}},{"start":{"line":20,"column":9},"end":{"line":23,"column":3}}],"line":9},"1":{"loc":{"start":{"line":9,"column":6},"end":{"line":9,"column":35}},"type":"binary-expr","locations":[{"start":{"line":9,"column":6},"end":{"line":9,"column":13}},{"start":{"line":9,"column":17},"end":{"line":9,"column":35}}],"line":9},"2":{"loc":{"start":{"line":13,"column":4},"end":{"line":19,"column":5}},"type":"if","locations":[{"start":{"line":13,"column":4},"end":{"line":19,"column":5}},{"start":{"line":16,"column":11},"end":{"line":19,"column":5}}],"line":13},"3":{"loc":{"start":{"line":13,"column":8},"end":{"line":13,"column":43}},"type":"binary-expr","locations":[{"start":{"line":13,"column":8},"end":{"line":13,"column":25}},{"start":{"line":13,"column":29},"end":{"line":13,"column":43}}],"line":13},"4":{"loc":{"start":{"line":31,"column":2},"end":{"line":36,"column":3}},"type":"if","locations":[{"start":{"line":31,"column":2},"end":{"line":36,"column":3}},{"start":{"line":34,"column":9},"end":{"line":36,"column":3}}],"line":31},"5":{"loc":{"start":{"line":31,"column":6},"end":{"line":31,"column":32}},"type":"binary-expr","locations":[{"start":{"line":31,"column":6},"end":{"line":31,"column":11}},{"start":{"line":31,"column":15},"end":{"line":31,"column":32}}],"line":31},"6":{"loc":{"start":{"line":41,"column":2},"end":{"line":49,"column":3}},"type":"if","locations":[{"start":{"line":41,"column":2},"end":{"line":49,"column":3}},{"start":{},"end":{}}],"line":41},"7":{"loc":{"start":{"line":41,"column":6},"end":{"line":41,"column":77}},"type":"binary-expr","locations":[{"start":{"line":41,"column":6},"end":{"line":41,"column":31}},{"start":{"line":41,"column":35},"end":{"line":41,"column":77}}],"line":41},"8":{"loc":{"start":{"line":45,"column":6},"end":{"line":47,"column":30}},"type":"cond-expr","locations":[{"start":{"line":46,"column":10},"end":{"line":46,"column":43}},{"start":{"line":47,"column":10},"end":{"line":47,"column":30}}],"line":45},"9":{"loc":{"start":{"line":58,"column":2},"end":{"line":66,"column":3}},"type":"if","locations":[{"start":{"line":58,"column":2},"end":{"line":66,"column":3}},{"start":{},"end":{}}],"line":58},"10":{"loc":{"start":{"line":58,"column":6},"end":{"line":58,"column":45}},"type":"binary-expr","locations":[{"start":{"line":58,"column":6},"end":{"line":58,"column":22}},{"start":{"line":58,"column":26},"end":{"line":58,"column":45}}],"line":58},"11":{"loc":{"start":{"line":62,"column":4},"end":{"line":65,"column":5}},"type":"if","locations":[{"start":{"line":62,"column":4},"end":{"line":65,"column":5}},{"start":{},"end":{}}],"line":62},"12":{"loc":{"start":{"line":104,"column":2},"end":{"line":125,"column":3}},"type":"if","locations":[{"start":{"line":104,"column":2},"end":{"line":125,"column":3}},{"start":{"line":110,"column":9},"end":{"line":125,"column":3}}],"line":104},"13":{"loc":{"start":{"line":104,"column":6},"end":{"line":104,"column":50}},"type":"binary-expr","locations":[{"start":{"line":104,"column":6},"end":{"line":104,"column":21}},{"start":{"line":104,"column":25},"end":{"line":104,"column":50}}],"line":104},"14":{"loc":{"start":{"line":113,"column":4},"end":{"line":122,"column":5}},"type":"if","locations":[{"start":{"line":113,"column":4},"end":{"line":122,"column":5}},{"start":{},"end":{}}],"line":113}},"s":{"0":2,"1":5,"2":5,"3":5,"4":5,"5":5,"6":8,"7":5,"8":2,"9":3,"10":0,"11":5,"12":5,"13":5,"14":4,"15":4,"16":1,"17":60,"18":5,"19":5,"20":5,"21":5,"22":55,"23":2,"24":6,"25":4,"26":3,"27":3,"28":3,"29":1,"30":1,"31":4,"32":4,"33":2,"34":2,"35":2,"36":2,"37":2,"38":2,"39":2,"40":2,"41":1,"42":1,"43":2,"44":0,"45":0,"46":2,"47":28,"48":28,"49":4,"50":4,"51":4,"52":3,"53":24,"54":12,"55":2,"56":2,"57":0,"58":12},"f":{"0":5,"1":8,"2":5,"3":60,"4":6,"5":2,"6":1,"7":0,"8":28},"b":{"0":[5,0],"1":[5,5],"2":[2,3],"3":[5,2],"4":[4,1],"5":[5,4],"6":[5,55],"7":[60,44],"8":[3,2],"9":[3,1],"10":[4,4],"11":[1,2],"12":[4,24],"13":[28,19],"14":[2,10]},"_coverageSchema":"1a1c01bbd47fc00a2c39e90264f33305004495a9","hash":"dc32ec7f70bd87cee8cbb90c988bd6e168a5d198"}
}
