TN:
SF:blazor-fusionCharts.js
FN:5,parseFunction
FN:16,(anonymous_1)
FN:24,(anonymous_2)
FN:40,(anonymous_3)
FN:52,(anonymous_4)
FNF:5
FNH:5
FNDA:12,parseFunction
FNDA:3,(anonymous_1)
FNDA:2,(anonymous_2)
FNDA:1,(anonymous_3)
FNDA:25,(anonymous_4)
DA:2,2
DA:6,12
DA:7,0
DA:8,0
DA:9,0
DA:10,0
DA:13,12
DA:16,2
DA:17,3
DA:18,1
DA:19,1
DA:24,2
DA:26,2
DA:27,2
DA:29,2
DA:30,2
DA:32,2
DA:34,2
DA:36,1
DA:40,2
DA:41,1
DA:42,1
DA:52,2
DA:54,25
DA:56,25
DA:58,1
DA:59,1
DA:60,1
DA:61,1
DA:63,1
DA:66,24
DA:67,12
DA:68,12
DA:69,2
DA:70,10
DA:71,0
DA:74,12
LF:37
LH:32
BRDA:6,0,0,0
BRDA:6,0,1,12
BRDA:6,1,0,12
BRDA:6,1,1,8
BRDA:56,2,0,1
BRDA:56,2,1,24
BRDA:56,3,0,25
BRDA:56,3,1,24
BRDA:56,3,2,15
BRDA:68,4,0,2
BRDA:68,4,1,10
BRDA:70,5,0,0
BRDA:70,5,1,10
BRF:13
BRH:11
end_of_record
