TN:
SF:blazor-fusionCharts.js
FN:5,parseFunction
FN:16,(anonymous_1)
FN:23,(anonymous_2)
FN:37,(anonymous_3)
FN:50,(anonymous_4)
FNF:5
FNH:5
FNDA:12,parseFunction
FNDA:3,(anonymous_1)
FNDA:2,(anonymous_2)
FNDA:1,(anonymous_3)
FNDA:25,(anonymous_4)
DA:2,2
DA:6,12
DA:7,0
DA:8,0
DA:9,0
DA:10,0
DA:13,12
DA:16,2
DA:17,3
DA:18,1
DA:19,1
DA:23,2
DA:25,2
DA:26,2
DA:28,2
DA:29,2
DA:31,2
DA:33,2
DA:37,2
DA:38,1
DA:39,1
DA:50,2
DA:52,25
DA:54,25
DA:56,1
DA:57,1
DA:58,1
DA:59,1
DA:60,1
DA:62,1
DA:65,24
DA:66,12
DA:68,12
DA:69,2
DA:70,10
DA:71,0
DA:74,12
LF:37
LH:32
BRDA:6,0,0,0
BRDA:6,0,1,12
BRDA:6,1,0,12
BRDA:6,1,1,8
BRDA:54,2,0,1
BRDA:54,2,1,24
BRDA:54,3,0,25
BRDA:54,3,1,24
BRDA:54,3,2,15
BRDA:68,4,0,2
BRDA:68,4,1,10
BRDA:70,5,0,0
BRDA:70,5,1,10
BRF:13
BRH:11
end_of_record
