<?xml version="1.0" encoding="UTF-8"?>
<coverage generated="1694172380330" clover="3.2.0">
  <project timestamp="1694172380330" name="All files">
    <metrics statements="58" coveredstatements="54" conditionals="30" coveredconditionals="29" methods="9" coveredmethods="8" elements="97" coveredelements="91" complexity="0" loc="58" ncloc="58" packages="1" files="1" classes="1"/>
    <file name="blazor-fusionCharts.js" path="C:\FusionCharts\blazor-fusioncharts\BlazorFusionCharts\wwwroot\blazor-fusionCharts.js">
      <metrics statements="58" coveredstatements="54" conditionals="30" coveredconditionals="29" methods="9" coveredmethods="8"/>
      <line num="2" count="2" type="stmt"/>
      <line num="6" count="5" type="stmt"/>
      <line num="7" count="5" type="stmt"/>
      <line num="9" count="5" type="cond" truecount="3" falsecount="1"/>
      <line num="10" count="5" type="stmt"/>
      <line num="11" count="8" type="stmt"/>
      <line num="13" count="5" type="cond" truecount="4" falsecount="0"/>
      <line num="15" count="2" type="stmt"/>
      <line num="18" count="3" type="stmt"/>
      <line num="22" count="0" type="stmt"/>
      <line num="28" count="5" type="stmt"/>
      <line num="29" count="5" type="stmt"/>
      <line num="31" count="5" type="cond" truecount="4" falsecount="0"/>
      <line num="32" count="4" type="stmt"/>
      <line num="33" count="4" type="stmt"/>
      <line num="35" count="1" type="stmt"/>
      <line num="41" count="60" type="cond" truecount="4" falsecount="0"/>
      <line num="42" count="5" type="stmt"/>
      <line num="43" count="5" type="stmt"/>
      <line num="45" count="5" type="cond" truecount="2" falsecount="0"/>
      <line num="48" count="5" type="stmt"/>
      <line num="50" count="55" type="stmt"/>
      <line num="54" count="2" type="stmt"/>
      <line num="55" count="6" type="stmt"/>
      <line num="58" count="4" type="cond" truecount="4" falsecount="0"/>
      <line num="59" count="3" type="stmt"/>
      <line num="60" count="3" type="stmt"/>
      <line num="62" count="3" type="cond" truecount="2" falsecount="0"/>
      <line num="63" count="1" type="stmt"/>
      <line num="64" count="1" type="stmt"/>
      <line num="68" count="4" type="stmt"/>
      <line num="69" count="4" type="stmt"/>
      <line num="73" count="2" type="stmt"/>
      <line num="74" count="2" type="stmt"/>
      <line num="75" count="2" type="stmt"/>
      <line num="77" count="2" type="stmt"/>
      <line num="78" count="2" type="stmt"/>
      <line num="80" count="2" type="stmt"/>
      <line num="82" count="2" type="stmt"/>
      <line num="87" count="2" type="stmt"/>
      <line num="88" count="1" type="stmt"/>
      <line num="89" count="1" type="stmt"/>
      <line num="93" count="2" type="stmt"/>
      <line num="94" count="0" type="stmt"/>
      <line num="95" count="0" type="stmt"/>
      <line num="99" count="2" type="stmt"/>
      <line num="101" count="28" type="stmt"/>
      <line num="104" count="28" type="cond" truecount="4" falsecount="0"/>
      <line num="105" count="4" type="stmt"/>
      <line num="106" count="4" type="stmt"/>
      <line num="107" count="4" type="stmt"/>
      <line num="109" count="3" type="stmt"/>
      <line num="111" count="24" type="stmt"/>
      <line num="113" count="12" type="cond" truecount="2" falsecount="0"/>
      <line num="117" count="2" type="stmt"/>
      <line num="118" count="2" type="stmt"/>
      <line num="120" count="0" type="stmt"/>
      <line num="124" count="12" type="stmt"/>
    </file>
  </project>
</coverage>
